INFO:elastic_transport.transport:HEAD http://localhost:9200/ [status:N/A duration:0.001s]
WARNING:elastic_transport.node_pool:Node <Urllib3HttpNode(http://localhost:9200)> has failed for 1 times in a row, putting on 1 second timeout
WARNING:elastic_transport.transport:Retrying request after failure (attempt 0 of 3)
Traceback (most recent call last):
  File "/Users/zsoltholman/Documents/IJ/corpus/.venv/lib/python3.12/site-packages/urllib3/connection.py", line 198, in _new_conn
    sock = connection.create_connection(
           ^^^^^^^^^^^^^^^^^^^^^^^^^^^^^
  File "/Users/zsoltholman/Documents/IJ/corpus/.venv/lib/python3.12/site-packages/urllib3/util/connection.py", line 85, in create_connection
    raise err
  File "/Users/zsoltholman/Documents/IJ/corpus/.venv/lib/python3.12/site-packages/urllib3/util/connection.py", line 73, in create_connection
    sock.connect(sa)
ConnectionRefusedError: [Errno 61] Connection refused

The above exception was the direct cause of the following exception:

Traceback (most recent call last):
  File "/Users/zsoltholman/Documents/IJ/corpus/.venv/lib/python3.12/site-packages/elastic_transport/_node/_http_urllib3.py", line 167, in perform_request
    response = self.pool.urlopen(
               ^^^^^^^^^^^^^^^^^^
  File "/Users/zsoltholman/Documents/IJ/corpus/.venv/lib/python3.12/site-packages/urllib3/connectionpool.py", line 841, in urlopen
    retries = retries.increment(
              ^^^^^^^^^^^^^^^^^^
  File "/Users/zsoltholman/Documents/IJ/corpus/.venv/lib/python3.12/site-packages/urllib3/util/retry.py", line 449, in increment
    raise reraise(type(error), error, _stacktrace)
          ^^^^^^^^^^^^^^^^^^^^^^^^^^^^^^^^^^^^^^^^
  File "/Users/zsoltholman/Documents/IJ/corpus/.venv/lib/python3.12/site-packages/urllib3/util/util.py", line 39, in reraise
    raise value
  File "/Users/zsoltholman/Documents/IJ/corpus/.venv/lib/python3.12/site-packages/urllib3/connectionpool.py", line 787, in urlopen
    response = self._make_request(
               ^^^^^^^^^^^^^^^^^^^
  File "/Users/zsoltholman/Documents/IJ/corpus/.venv/lib/python3.12/site-packages/urllib3/connectionpool.py", line 493, in _make_request
    conn.request(
  File "/Users/zsoltholman/Documents/IJ/corpus/.venv/lib/python3.12/site-packages/urllib3/connection.py", line 494, in request
    self.endheaders()
  File "/Users/zsoltholman/.local/share/uv/python/cpython-3.12.12-macos-aarch64-none/lib/python3.12/http/client.py", line 1333, in endheaders
    self._send_output(message_body, encode_chunked=encode_chunked)
  File "/Users/zsoltholman/.local/share/uv/python/cpython-3.12.12-macos-aarch64-none/lib/python3.12/http/client.py", line 1093, in _send_output
    self.send(msg)
  File "/Users/zsoltholman/.local/share/uv/python/cpython-3.12.12-macos-aarch64-none/lib/python3.12/http/client.py", line 1037, in send
    self.connect()
  File "/Users/zsoltholman/Documents/IJ/corpus/.venv/lib/python3.12/site-packages/urllib3/connection.py", line 325, in connect
    self.sock = self._new_conn()
                ^^^^^^^^^^^^^^^^
  File "/Users/zsoltholman/Documents/IJ/corpus/.venv/lib/python3.12/site-packages/urllib3/connection.py", line 213, in _new_conn
    raise NewConnectionError(
urllib3.exceptions.NewConnectionError: <urllib3.connection.HTTPConnection object at 0x111272960>: Failed to establish a new connection: [Errno 61] Connection refused

The above exception was the direct cause of the following exception:

Traceback (most recent call last):
  File "/Users/zsoltholman/Documents/IJ/corpus/.venv/lib/python3.12/site-packages/elastic_transport/_transport.py", line 344, in perform_request
    resp = node.perform_request(
           ^^^^^^^^^^^^^^^^^^^^^
  File "/Users/zsoltholman/Documents/IJ/corpus/.venv/lib/python3.12/site-packages/elastic_transport/_node/_http_urllib3.py", line 202, in perform_request
    raise err from e
elastic_transport.ConnectionError: Connection error caused by: NewConnectionError(<urllib3.connection.HTTPConnection object at 0x111272960>: Failed to establish a new connection: [Errno 61] Connection refused)
INFO:elastic_transport.transport:HEAD http://localhost:9200/ [status:N/A duration:0.001s]
WARNING:elastic_transport.node_pool:Node <Urllib3HttpNode(http://localhost:9200)> has failed for 2 times in a row, putting on 2 second timeout
WARNING:elastic_transport.transport:Retrying request after failure (attempt 1 of 3)
Traceback (most recent call last):
  File "/Users/zsoltholman/Documents/IJ/corpus/.venv/lib/python3.12/site-packages/urllib3/connection.py", line 198, in _new_conn
    sock = connection.create_connection(
           ^^^^^^^^^^^^^^^^^^^^^^^^^^^^^
  File "/Users/zsoltholman/Documents/IJ/corpus/.venv/lib/python3.12/site-packages/urllib3/util/connection.py", line 85, in create_connection
    raise err
  File "/Users/zsoltholman/Documents/IJ/corpus/.venv/lib/python3.12/site-packages/urllib3/util/connection.py", line 73, in create_connection
    sock.connect(sa)
ConnectionRefusedError: [Errno 61] Connection refused

The above exception was the direct cause of the following exception:

Traceback (most recent call last):
  File "/Users/zsoltholman/Documents/IJ/corpus/.venv/lib/python3.12/site-packages/elastic_transport/_node/_http_urllib3.py", line 167, in perform_request
    response = self.pool.urlopen(
               ^^^^^^^^^^^^^^^^^^
  File "/Users/zsoltholman/Documents/IJ/corpus/.venv/lib/python3.12/site-packages/urllib3/connectionpool.py", line 841, in urlopen
    retries = retries.increment(
              ^^^^^^^^^^^^^^^^^^
  File "/Users/zsoltholman/Documents/IJ/corpus/.venv/lib/python3.12/site-packages/urllib3/util/retry.py", line 449, in increment
    raise reraise(type(error), error, _stacktrace)
          ^^^^^^^^^^^^^^^^^^^^^^^^^^^^^^^^^^^^^^^^
  File "/Users/zsoltholman/Documents/IJ/corpus/.venv/lib/python3.12/site-packages/urllib3/util/util.py", line 39, in reraise
    raise value
  File "/Users/zsoltholman/Documents/IJ/corpus/.venv/lib/python3.12/site-packages/urllib3/connectionpool.py", line 787, in urlopen
    response = self._make_request(
               ^^^^^^^^^^^^^^^^^^^
  File "/Users/zsoltholman/Documents/IJ/corpus/.venv/lib/python3.12/site-packages/urllib3/connectionpool.py", line 493, in _make_request
    conn.request(
  File "/Users/zsoltholman/Documents/IJ/corpus/.venv/lib/python3.12/site-packages/urllib3/connection.py", line 494, in request
    self.endheaders()
  File "/Users/zsoltholman/.local/share/uv/python/cpython-3.12.12-macos-aarch64-none/lib/python3.12/http/client.py", line 1333, in endheaders
    self._send_output(message_body, encode_chunked=encode_chunked)
  File "/Users/zsoltholman/.local/share/uv/python/cpython-3.12.12-macos-aarch64-none/lib/python3.12/http/client.py", line 1093, in _send_output
    self.send(msg)
  File "/Users/zsoltholman/.local/share/uv/python/cpython-3.12.12-macos-aarch64-none/lib/python3.12/http/client.py", line 1037, in send
    self.connect()
  File "/Users/zsoltholman/Documents/IJ/corpus/.venv/lib/python3.12/site-packages/urllib3/connection.py", line 325, in connect
    self.sock = self._new_conn()
                ^^^^^^^^^^^^^^^^
  File "/Users/zsoltholman/Documents/IJ/corpus/.venv/lib/python3.12/site-packages/urllib3/connection.py", line 213, in _new_conn
    raise NewConnectionError(
urllib3.exceptions.NewConnectionError: <urllib3.connection.HTTPConnection object at 0x110a5af00>: Failed to establish a new connection: [Errno 61] Connection refused

The above exception was the direct cause of the following exception:

Traceback (most recent call last):
  File "/Users/zsoltholman/Documents/IJ/corpus/.venv/lib/python3.12/site-packages/elastic_transport/_transport.py", line 344, in perform_request
    resp = node.perform_request(
           ^^^^^^^^^^^^^^^^^^^^^
  File "/Users/zsoltholman/Documents/IJ/corpus/.venv/lib/python3.12/site-packages/elastic_transport/_node/_http_urllib3.py", line 202, in perform_request
    raise err from e
elastic_transport.ConnectionError: Connection error caused by: NewConnectionError(<urllib3.connection.HTTPConnection object at 0x110a5af00>: Failed to establish a new connection: [Errno 61] Connection refused)
INFO:elastic_transport.transport:HEAD http://localhost:9200/ [status:N/A duration:0.000s]
WARNING:elastic_transport.node_pool:Node <Urllib3HttpNode(http://localhost:9200)> has failed for 3 times in a row, putting on 4 second timeout
WARNING:elastic_transport.transport:Retrying request after failure (attempt 2 of 3)
Traceback (most recent call last):
  File "/Users/zsoltholman/Documents/IJ/corpus/.venv/lib/python3.12/site-packages/urllib3/connection.py", line 198, in _new_conn
    sock = connection.create_connection(
           ^^^^^^^^^^^^^^^^^^^^^^^^^^^^^
  File "/Users/zsoltholman/Documents/IJ/corpus/.venv/lib/python3.12/site-packages/urllib3/util/connection.py", line 85, in create_connection
    raise err
  File "/Users/zsoltholman/Documents/IJ/corpus/.venv/lib/python3.12/site-packages/urllib3/util/connection.py", line 73, in create_connection
    sock.connect(sa)
ConnectionRefusedError: [Errno 61] Connection refused

The above exception was the direct cause of the following exception:

Traceback (most recent call last):
  File "/Users/zsoltholman/Documents/IJ/corpus/.venv/lib/python3.12/site-packages/elastic_transport/_node/_http_urllib3.py", line 167, in perform_request
    response = self.pool.urlopen(
               ^^^^^^^^^^^^^^^^^^
  File "/Users/zsoltholman/Documents/IJ/corpus/.venv/lib/python3.12/site-packages/urllib3/connectionpool.py", line 841, in urlopen
    retries = retries.increment(
              ^^^^^^^^^^^^^^^^^^
  File "/Users/zsoltholman/Documents/IJ/corpus/.venv/lib/python3.12/site-packages/urllib3/util/retry.py", line 449, in increment
    raise reraise(type(error), error, _stacktrace)
          ^^^^^^^^^^^^^^^^^^^^^^^^^^^^^^^^^^^^^^^^
  File "/Users/zsoltholman/Documents/IJ/corpus/.venv/lib/python3.12/site-packages/urllib3/util/util.py", line 39, in reraise
    raise value
  File "/Users/zsoltholman/Documents/IJ/corpus/.venv/lib/python3.12/site-packages/urllib3/connectionpool.py", line 787, in urlopen
    response = self._make_request(
               ^^^^^^^^^^^^^^^^^^^
  File "/Users/zsoltholman/Documents/IJ/corpus/.venv/lib/python3.12/site-packages/urllib3/connectionpool.py", line 493, in _make_request
    conn.request(
  File "/Users/zsoltholman/Documents/IJ/corpus/.venv/lib/python3.12/site-packages/urllib3/connection.py", line 494, in request
    self.endheaders()
  File "/Users/zsoltholman/.local/share/uv/python/cpython-3.12.12-macos-aarch64-none/lib/python3.12/http/client.py", line 1333, in endheaders
    self._send_output(message_body, encode_chunked=encode_chunked)
  File "/Users/zsoltholman/.local/share/uv/python/cpython-3.12.12-macos-aarch64-none/lib/python3.12/http/client.py", line 1093, in _send_output
    self.send(msg)
  File "/Users/zsoltholman/.local/share/uv/python/cpython-3.12.12-macos-aarch64-none/lib/python3.12/http/client.py", line 1037, in send
    self.connect()
  File "/Users/zsoltholman/Documents/IJ/corpus/.venv/lib/python3.12/site-packages/urllib3/connection.py", line 325, in connect
    self.sock = self._new_conn()
                ^^^^^^^^^^^^^^^^
  File "/Users/zsoltholman/Documents/IJ/corpus/.venv/lib/python3.12/site-packages/urllib3/connection.py", line 213, in _new_conn
    raise NewConnectionError(
urllib3.exceptions.NewConnectionError: <urllib3.connection.HTTPConnection object at 0x110aea030>: Failed to establish a new connection: [Errno 61] Connection refused

The above exception was the direct cause of the following exception:

Traceback (most recent call last):
  File "/Users/zsoltholman/Documents/IJ/corpus/.venv/lib/python3.12/site-packages/elastic_transport/_transport.py", line 344, in perform_request
    resp = node.perform_request(
           ^^^^^^^^^^^^^^^^^^^^^
  File "/Users/zsoltholman/Documents/IJ/corpus/.venv/lib/python3.12/site-packages/elastic_transport/_node/_http_urllib3.py", line 202, in perform_request
    raise err from e
elastic_transport.ConnectionError: Connection error caused by: NewConnectionError(<urllib3.connection.HTTPConnection object at 0x110aea030>: Failed to establish a new connection: [Errno 61] Connection refused)
INFO:elastic_transport.transport:HEAD http://localhost:9200/ [status:N/A duration:0.000s]
WARNING:elastic_transport.node_pool:Node <Urllib3HttpNode(http://localhost:9200)> has failed for 4 times in a row, putting on 8 second timeout
INFO:root:False
INFO:elastic_transport.transport:HEAD http://localhost:9200/ [status:N/A duration:0.001s]
WARNING:elastic_transport.node_pool:Node <Urllib3HttpNode(http://localhost:9200)> has failed for 1 times in a row, putting on 1 second timeout
WARNING:elastic_transport.transport:Retrying request after failure (attempt 0 of 3)
Traceback (most recent call last):
  File "/Users/zsoltholman/Documents/IJ/corpus/.venv/lib/python3.12/site-packages/urllib3/connection.py", line 198, in _new_conn
    sock = connection.create_connection(
           ^^^^^^^^^^^^^^^^^^^^^^^^^^^^^
  File "/Users/zsoltholman/Documents/IJ/corpus/.venv/lib/python3.12/site-packages/urllib3/util/connection.py", line 85, in create_connection
    raise err
  File "/Users/zsoltholman/Documents/IJ/corpus/.venv/lib/python3.12/site-packages/urllib3/util/connection.py", line 73, in create_connection
    sock.connect(sa)
ConnectionRefusedError: [Errno 61] Connection refused

The above exception was the direct cause of the following exception:

Traceback (most recent call last):
  File "/Users/zsoltholman/Documents/IJ/corpus/.venv/lib/python3.12/site-packages/elastic_transport/_node/_http_urllib3.py", line 167, in perform_request
    response = self.pool.urlopen(
               ^^^^^^^^^^^^^^^^^^
  File "/Users/zsoltholman/Documents/IJ/corpus/.venv/lib/python3.12/site-packages/urllib3/connectionpool.py", line 841, in urlopen
    retries = retries.increment(
              ^^^^^^^^^^^^^^^^^^
  File "/Users/zsoltholman/Documents/IJ/corpus/.venv/lib/python3.12/site-packages/urllib3/util/retry.py", line 449, in increment
    raise reraise(type(error), error, _stacktrace)
          ^^^^^^^^^^^^^^^^^^^^^^^^^^^^^^^^^^^^^^^^
  File "/Users/zsoltholman/Documents/IJ/corpus/.venv/lib/python3.12/site-packages/urllib3/util/util.py", line 39, in reraise
    raise value
  File "/Users/zsoltholman/Documents/IJ/corpus/.venv/lib/python3.12/site-packages/urllib3/connectionpool.py", line 787, in urlopen
    response = self._make_request(
               ^^^^^^^^^^^^^^^^^^^
  File "/Users/zsoltholman/Documents/IJ/corpus/.venv/lib/python3.12/site-packages/urllib3/connectionpool.py", line 493, in _make_request
    conn.request(
  File "/Users/zsoltholman/Documents/IJ/corpus/.venv/lib/python3.12/site-packages/urllib3/connection.py", line 494, in request
    self.endheaders()
  File "/Users/zsoltholman/.local/share/uv/python/cpython-3.12.12-macos-aarch64-none/lib/python3.12/http/client.py", line 1333, in endheaders
    self._send_output(message_body, encode_chunked=encode_chunked)
  File "/Users/zsoltholman/.local/share/uv/python/cpython-3.12.12-macos-aarch64-none/lib/python3.12/http/client.py", line 1093, in _send_output
    self.send(msg)
  File "/Users/zsoltholman/.local/share/uv/python/cpython-3.12.12-macos-aarch64-none/lib/python3.12/http/client.py", line 1037, in send
    self.connect()
  File "/Users/zsoltholman/Documents/IJ/corpus/.venv/lib/python3.12/site-packages/urllib3/connection.py", line 325, in connect
    self.sock = self._new_conn()
                ^^^^^^^^^^^^^^^^
  File "/Users/zsoltholman/Documents/IJ/corpus/.venv/lib/python3.12/site-packages/urllib3/connection.py", line 213, in _new_conn
    raise NewConnectionError(
urllib3.exceptions.NewConnectionError: <urllib3.connection.HTTPConnection object at 0x1111cca40>: Failed to establish a new connection: [Errno 61] Connection refused

The above exception was the direct cause of the following exception:

Traceback (most recent call last):
  File "/Users/zsoltholman/Documents/IJ/corpus/.venv/lib/python3.12/site-packages/elastic_transport/_transport.py", line 344, in perform_request
    resp = node.perform_request(
           ^^^^^^^^^^^^^^^^^^^^^
  File "/Users/zsoltholman/Documents/IJ/corpus/.venv/lib/python3.12/site-packages/elastic_transport/_node/_http_urllib3.py", line 202, in perform_request
    raise err from e
elastic_transport.ConnectionError: Connection error caused by: NewConnectionError(<urllib3.connection.HTTPConnection object at 0x1111cca40>: Failed to establish a new connection: [Errno 61] Connection refused)
INFO:elastic_transport.transport:HEAD http://localhost:9200/ [status:N/A duration:0.001s]
WARNING:elastic_transport.node_pool:Node <Urllib3HttpNode(http://localhost:9200)> has failed for 2 times in a row, putting on 2 second timeout
WARNING:elastic_transport.transport:Retrying request after failure (attempt 1 of 3)
Traceback (most recent call last):
  File "/Users/zsoltholman/Documents/IJ/corpus/.venv/lib/python3.12/site-packages/urllib3/connection.py", line 198, in _new_conn
    sock = connection.create_connection(
           ^^^^^^^^^^^^^^^^^^^^^^^^^^^^^
  File "/Users/zsoltholman/Documents/IJ/corpus/.venv/lib/python3.12/site-packages/urllib3/util/connection.py", line 85, in create_connection
    raise err
  File "/Users/zsoltholman/Documents/IJ/corpus/.venv/lib/python3.12/site-packages/urllib3/util/connection.py", line 73, in create_connection
    sock.connect(sa)
ConnectionRefusedError: [Errno 61] Connection refused

The above exception was the direct cause of the following exception:

Traceback (most recent call last):
  File "/Users/zsoltholman/Documents/IJ/corpus/.venv/lib/python3.12/site-packages/elastic_transport/_node/_http_urllib3.py", line 167, in perform_request
    response = self.pool.urlopen(
               ^^^^^^^^^^^^^^^^^^
  File "/Users/zsoltholman/Documents/IJ/corpus/.venv/lib/python3.12/site-packages/urllib3/connectionpool.py", line 841, in urlopen
    retries = retries.increment(
              ^^^^^^^^^^^^^^^^^^
  File "/Users/zsoltholman/Documents/IJ/corpus/.venv/lib/python3.12/site-packages/urllib3/util/retry.py", line 449, in increment
    raise reraise(type(error), error, _stacktrace)
          ^^^^^^^^^^^^^^^^^^^^^^^^^^^^^^^^^^^^^^^^
  File "/Users/zsoltholman/Documents/IJ/corpus/.venv/lib/python3.12/site-packages/urllib3/util/util.py", line 39, in reraise
    raise value
  File "/Users/zsoltholman/Documents/IJ/corpus/.venv/lib/python3.12/site-packages/urllib3/connectionpool.py", line 787, in urlopen
    response = self._make_request(
               ^^^^^^^^^^^^^^^^^^^
  File "/Users/zsoltholman/Documents/IJ/corpus/.venv/lib/python3.12/site-packages/urllib3/connectionpool.py", line 493, in _make_request
    conn.request(
  File "/Users/zsoltholman/Documents/IJ/corpus/.venv/lib/python3.12/site-packages/urllib3/connection.py", line 494, in request
    self.endheaders()
  File "/Users/zsoltholman/.local/share/uv/python/cpython-3.12.12-macos-aarch64-none/lib/python3.12/http/client.py", line 1333, in endheaders
    self._send_output(message_body, encode_chunked=encode_chunked)
  File "/Users/zsoltholman/.local/share/uv/python/cpython-3.12.12-macos-aarch64-none/lib/python3.12/http/client.py", line 1093, in _send_output
    self.send(msg)
  File "/Users/zsoltholman/.local/share/uv/python/cpython-3.12.12-macos-aarch64-none/lib/python3.12/http/client.py", line 1037, in send
    self.connect()
  File "/Users/zsoltholman/Documents/IJ/corpus/.venv/lib/python3.12/site-packages/urllib3/connection.py", line 325, in connect
    self.sock = self._new_conn()
                ^^^^^^^^^^^^^^^^
  File "/Users/zsoltholman/Documents/IJ/corpus/.venv/lib/python3.12/site-packages/urllib3/connection.py", line 213, in _new_conn
    raise NewConnectionError(
urllib3.exceptions.NewConnectionError: <urllib3.connection.HTTPConnection object at 0x11129bb00>: Failed to establish a new connection: [Errno 61] Connection refused

The above exception was the direct cause of the following exception:

Traceback (most recent call last):
  File "/Users/zsoltholman/Documents/IJ/corpus/.venv/lib/python3.12/site-packages/elastic_transport/_transport.py", line 344, in perform_request
    resp = node.perform_request(
           ^^^^^^^^^^^^^^^^^^^^^
  File "/Users/zsoltholman/Documents/IJ/corpus/.venv/lib/python3.12/site-packages/elastic_transport/_node/_http_urllib3.py", line 202, in perform_request
    raise err from e
elastic_transport.ConnectionError: Connection error caused by: NewConnectionError(<urllib3.connection.HTTPConnection object at 0x11129bb00>: Failed to establish a new connection: [Errno 61] Connection refused)
INFO:elastic_transport.transport:HEAD http://localhost:9200/ [status:N/A duration:0.000s]
WARNING:elastic_transport.node_pool:Node <Urllib3HttpNode(http://localhost:9200)> has failed for 3 times in a row, putting on 4 second timeout
WARNING:elastic_transport.transport:Retrying request after failure (attempt 2 of 3)
Traceback (most recent call last):
  File "/Users/zsoltholman/Documents/IJ/corpus/.venv/lib/python3.12/site-packages/urllib3/connection.py", line 198, in _new_conn
    sock = connection.create_connection(
           ^^^^^^^^^^^^^^^^^^^^^^^^^^^^^
  File "/Users/zsoltholman/Documents/IJ/corpus/.venv/lib/python3.12/site-packages/urllib3/util/connection.py", line 85, in create_connection
    raise err
  File "/Users/zsoltholman/Documents/IJ/corpus/.venv/lib/python3.12/site-packages/urllib3/util/connection.py", line 73, in create_connection
    sock.connect(sa)
ConnectionRefusedError: [Errno 61] Connection refused

The above exception was the direct cause of the following exception:

Traceback (most recent call last):
  File "/Users/zsoltholman/Documents/IJ/corpus/.venv/lib/python3.12/site-packages/elastic_transport/_node/_http_urllib3.py", line 167, in perform_request
    response = self.pool.urlopen(
               ^^^^^^^^^^^^^^^^^^
  File "/Users/zsoltholman/Documents/IJ/corpus/.venv/lib/python3.12/site-packages/urllib3/connectionpool.py", line 841, in urlopen
    retries = retries.increment(
              ^^^^^^^^^^^^^^^^^^
  File "/Users/zsoltholman/Documents/IJ/corpus/.venv/lib/python3.12/site-packages/urllib3/util/retry.py", line 449, in increment
    raise reraise(type(error), error, _stacktrace)
          ^^^^^^^^^^^^^^^^^^^^^^^^^^^^^^^^^^^^^^^^
  File "/Users/zsoltholman/Documents/IJ/corpus/.venv/lib/python3.12/site-packages/urllib3/util/util.py", line 39, in reraise
    raise value
  File "/Users/zsoltholman/Documents/IJ/corpus/.venv/lib/python3.12/site-packages/urllib3/connectionpool.py", line 787, in urlopen
    response = self._make_request(
               ^^^^^^^^^^^^^^^^^^^
  File "/Users/zsoltholman/Documents/IJ/corpus/.venv/lib/python3.12/site-packages/urllib3/connectionpool.py", line 493, in _make_request
    conn.request(
  File "/Users/zsoltholman/Documents/IJ/corpus/.venv/lib/python3.12/site-packages/urllib3/connection.py", line 494, in request
    self.endheaders()
  File "/Users/zsoltholman/.local/share/uv/python/cpython-3.12.12-macos-aarch64-none/lib/python3.12/http/client.py", line 1333, in endheaders
    self._send_output(message_body, encode_chunked=encode_chunked)
  File "/Users/zsoltholman/.local/share/uv/python/cpython-3.12.12-macos-aarch64-none/lib/python3.12/http/client.py", line 1093, in _send_output
    self.send(msg)
  File "/Users/zsoltholman/.local/share/uv/python/cpython-3.12.12-macos-aarch64-none/lib/python3.12/http/client.py", line 1037, in send
    self.connect()
  File "/Users/zsoltholman/Documents/IJ/corpus/.venv/lib/python3.12/site-packages/urllib3/connection.py", line 325, in connect
    self.sock = self._new_conn()
                ^^^^^^^^^^^^^^^^
  File "/Users/zsoltholman/Documents/IJ/corpus/.venv/lib/python3.12/site-packages/urllib3/connection.py", line 213, in _new_conn
    raise NewConnectionError(
urllib3.exceptions.NewConnectionError: <urllib3.connection.HTTPConnection object at 0x1115c8b60>: Failed to establish a new connection: [Errno 61] Connection refused

The above exception was the direct cause of the following exception:

Traceback (most recent call last):
  File "/Users/zsoltholman/Documents/IJ/corpus/.venv/lib/python3.12/site-packages/elastic_transport/_transport.py", line 344, in perform_request
    resp = node.perform_request(
           ^^^^^^^^^^^^^^^^^^^^^
  File "/Users/zsoltholman/Documents/IJ/corpus/.venv/lib/python3.12/site-packages/elastic_transport/_node/_http_urllib3.py", line 202, in perform_request
    raise err from e
elastic_transport.ConnectionError: Connection error caused by: NewConnectionError(<urllib3.connection.HTTPConnection object at 0x1115c8b60>: Failed to establish a new connection: [Errno 61] Connection refused)
INFO:elastic_transport.transport:HEAD http://localhost:9200/ [status:N/A duration:0.001s]
WARNING:elastic_transport.node_pool:Node <Urllib3HttpNode(http://localhost:9200)> has failed for 4 times in a row, putting on 8 second timeout
INFO:root:False
INFO:elastic_transport.node_pool:Resurrected node <Urllib3HttpNode(http://localhost:9200)> (force=False)
INFO:elastic_transport.transport:GET http://localhost:9200/_cluster/health [status:N/A duration:0.001s]
WARNING:elastic_transport.node_pool:Node <Urllib3HttpNode(http://localhost:9200)> has failed for 5 times in a row, putting on 16 second timeout
WARNING:elastic_transport.transport:Retrying request after failure (attempt 0 of 3)
Traceback (most recent call last):
  File "/Users/zsoltholman/Documents/IJ/corpus/.venv/lib/python3.12/site-packages/urllib3/connection.py", line 198, in _new_conn
    sock = connection.create_connection(
           ^^^^^^^^^^^^^^^^^^^^^^^^^^^^^
  File "/Users/zsoltholman/Documents/IJ/corpus/.venv/lib/python3.12/site-packages/urllib3/util/connection.py", line 85, in create_connection
    raise err
  File "/Users/zsoltholman/Documents/IJ/corpus/.venv/lib/python3.12/site-packages/urllib3/util/connection.py", line 73, in create_connection
    sock.connect(sa)
ConnectionRefusedError: [Errno 61] Connection refused

The above exception was the direct cause of the following exception:

Traceback (most recent call last):
  File "/Users/zsoltholman/Documents/IJ/corpus/.venv/lib/python3.12/site-packages/elastic_transport/_node/_http_urllib3.py", line 167, in perform_request
    response = self.pool.urlopen(
               ^^^^^^^^^^^^^^^^^^
  File "/Users/zsoltholman/Documents/IJ/corpus/.venv/lib/python3.12/site-packages/urllib3/connectionpool.py", line 841, in urlopen
    retries = retries.increment(
              ^^^^^^^^^^^^^^^^^^
  File "/Users/zsoltholman/Documents/IJ/corpus/.venv/lib/python3.12/site-packages/urllib3/util/retry.py", line 449, in increment
    raise reraise(type(error), error, _stacktrace)
          ^^^^^^^^^^^^^^^^^^^^^^^^^^^^^^^^^^^^^^^^
  File "/Users/zsoltholman/Documents/IJ/corpus/.venv/lib/python3.12/site-packages/urllib3/util/util.py", line 39, in reraise
    raise value
  File "/Users/zsoltholman/Documents/IJ/corpus/.venv/lib/python3.12/site-packages/urllib3/connectionpool.py", line 787, in urlopen
    response = self._make_request(
               ^^^^^^^^^^^^^^^^^^^
  File "/Users/zsoltholman/Documents/IJ/corpus/.venv/lib/python3.12/site-packages/urllib3/connectionpool.py", line 493, in _make_request
    conn.request(
  File "/Users/zsoltholman/Documents/IJ/corpus/.venv/lib/python3.12/site-packages/urllib3/connection.py", line 494, in request
    self.endheaders()
  File "/Users/zsoltholman/.local/share/uv/python/cpython-3.12.12-macos-aarch64-none/lib/python3.12/http/client.py", line 1333, in endheaders
    self._send_output(message_body, encode_chunked=encode_chunked)
  File "/Users/zsoltholman/.local/share/uv/python/cpython-3.12.12-macos-aarch64-none/lib/python3.12/http/client.py", line 1093, in _send_output
    self.send(msg)
  File "/Users/zsoltholman/.local/share/uv/python/cpython-3.12.12-macos-aarch64-none/lib/python3.12/http/client.py", line 1037, in send
    self.connect()
  File "/Users/zsoltholman/Documents/IJ/corpus/.venv/lib/python3.12/site-packages/urllib3/connection.py", line 325, in connect
    self.sock = self._new_conn()
                ^^^^^^^^^^^^^^^^
  File "/Users/zsoltholman/Documents/IJ/corpus/.venv/lib/python3.12/site-packages/urllib3/connection.py", line 213, in _new_conn
    raise NewConnectionError(
urllib3.exceptions.NewConnectionError: <urllib3.connection.HTTPConnection object at 0x1117684d0>: Failed to establish a new connection: [Errno 61] Connection refused

The above exception was the direct cause of the following exception:

Traceback (most recent call last):
  File "/Users/zsoltholman/Documents/IJ/corpus/.venv/lib/python3.12/site-packages/elastic_transport/_transport.py", line 344, in perform_request
    resp = node.perform_request(
           ^^^^^^^^^^^^^^^^^^^^^
  File "/Users/zsoltholman/Documents/IJ/corpus/.venv/lib/python3.12/site-packages/elastic_transport/_node/_http_urllib3.py", line 202, in perform_request
    raise err from e
elastic_transport.ConnectionError: Connection error caused by: NewConnectionError(<urllib3.connection.HTTPConnection object at 0x1117684d0>: Failed to establish a new connection: [Errno 61] Connection refused)
INFO:elastic_transport.node_pool:Resurrected node <Urllib3HttpNode(http://localhost:9200)> (force=False)
INFO:elastic_transport.transport:GET http://localhost:9200/_cluster/health [status:N/A duration:0.001s]
WARNING:elastic_transport.node_pool:Node <Urllib3HttpNode(http://localhost:9200)> has failed for 6 times in a row, putting on 30 second timeout
WARNING:elastic_transport.transport:Retrying request after failure (attempt 1 of 3)
Traceback (most recent call last):
  File "/Users/zsoltholman/Documents/IJ/corpus/.venv/lib/python3.12/site-packages/urllib3/connection.py", line 198, in _new_conn
    sock = connection.create_connection(
           ^^^^^^^^^^^^^^^^^^^^^^^^^^^^^
  File "/Users/zsoltholman/Documents/IJ/corpus/.venv/lib/python3.12/site-packages/urllib3/util/connection.py", line 85, in create_connection
    raise err
  File "/Users/zsoltholman/Documents/IJ/corpus/.venv/lib/python3.12/site-packages/urllib3/util/connection.py", line 73, in create_connection
    sock.connect(sa)
ConnectionRefusedError: [Errno 61] Connection refused

The above exception was the direct cause of the following exception:

Traceback (most recent call last):
  File "/Users/zsoltholman/Documents/IJ/corpus/.venv/lib/python3.12/site-packages/elastic_transport/_node/_http_urllib3.py", line 167, in perform_request
    response = self.pool.urlopen(
               ^^^^^^^^^^^^^^^^^^
  File "/Users/zsoltholman/Documents/IJ/corpus/.venv/lib/python3.12/site-packages/urllib3/connectionpool.py", line 841, in urlopen
    retries = retries.increment(
              ^^^^^^^^^^^^^^^^^^
  File "/Users/zsoltholman/Documents/IJ/corpus/.venv/lib/python3.12/site-packages/urllib3/util/retry.py", line 449, in increment
    raise reraise(type(error), error, _stacktrace)
          ^^^^^^^^^^^^^^^^^^^^^^^^^^^^^^^^^^^^^^^^
  File "/Users/zsoltholman/Documents/IJ/corpus/.venv/lib/python3.12/site-packages/urllib3/util/util.py", line 39, in reraise
    raise value
  File "/Users/zsoltholman/Documents/IJ/corpus/.venv/lib/python3.12/site-packages/urllib3/connectionpool.py", line 787, in urlopen
    response = self._make_request(
               ^^^^^^^^^^^^^^^^^^^
  File "/Users/zsoltholman/Documents/IJ/corpus/.venv/lib/python3.12/site-packages/urllib3/connectionpool.py", line 493, in _make_request
    conn.request(
  File "/Users/zsoltholman/Documents/IJ/corpus/.venv/lib/python3.12/site-packages/urllib3/connection.py", line 494, in request
    self.endheaders()
  File "/Users/zsoltholman/.local/share/uv/python/cpython-3.12.12-macos-aarch64-none/lib/python3.12/http/client.py", line 1333, in endheaders
    self._send_output(message_body, encode_chunked=encode_chunked)
  File "/Users/zsoltholman/.local/share/uv/python/cpython-3.12.12-macos-aarch64-none/lib/python3.12/http/client.py", line 1093, in _send_output
    self.send(msg)
  File "/Users/zsoltholman/.local/share/uv/python/cpython-3.12.12-macos-aarch64-none/lib/python3.12/http/client.py", line 1037, in send
    self.connect()
  File "/Users/zsoltholman/Documents/IJ/corpus/.venv/lib/python3.12/site-packages/urllib3/connection.py", line 325, in connect
    self.sock = self._new_conn()
                ^^^^^^^^^^^^^^^^
  File "/Users/zsoltholman/Documents/IJ/corpus/.venv/lib/python3.12/site-packages/urllib3/connection.py", line 213, in _new_conn
    raise NewConnectionError(
urllib3.exceptions.NewConnectionError: <urllib3.connection.HTTPConnection object at 0x1117681a0>: Failed to establish a new connection: [Errno 61] Connection refused

The above exception was the direct cause of the following exception:

Traceback (most recent call last):
  File "/Users/zsoltholman/Documents/IJ/corpus/.venv/lib/python3.12/site-packages/elastic_transport/_transport.py", line 344, in perform_request
    resp = node.perform_request(
           ^^^^^^^^^^^^^^^^^^^^^
  File "/Users/zsoltholman/Documents/IJ/corpus/.venv/lib/python3.12/site-packages/elastic_transport/_node/_http_urllib3.py", line 202, in perform_request
    raise err from e
elastic_transport.ConnectionError: Connection error caused by: NewConnectionError(<urllib3.connection.HTTPConnection object at 0x1117681a0>: Failed to establish a new connection: [Errno 61] Connection refused)
INFO:elastic_transport.node_pool:Resurrected node <Urllib3HttpNode(http://localhost:9200)> (force=False)
INFO:elastic_transport.transport:GET http://localhost:9200/_cluster/health [status:N/A duration:0.001s]
WARNING:elastic_transport.node_pool:Node <Urllib3HttpNode(http://localhost:9200)> has failed for 7 times in a row, putting on 30 second timeout
WARNING:elastic_transport.transport:Retrying request after failure (attempt 2 of 3)
Traceback (most recent call last):
  File "/Users/zsoltholman/Documents/IJ/corpus/.venv/lib/python3.12/site-packages/urllib3/connection.py", line 198, in _new_conn
    sock = connection.create_connection(
           ^^^^^^^^^^^^^^^^^^^^^^^^^^^^^
  File "/Users/zsoltholman/Documents/IJ/corpus/.venv/lib/python3.12/site-packages/urllib3/util/connection.py", line 85, in create_connection
    raise err
  File "/Users/zsoltholman/Documents/IJ/corpus/.venv/lib/python3.12/site-packages/urllib3/util/connection.py", line 73, in create_connection
    sock.connect(sa)
ConnectionRefusedError: [Errno 61] Connection refused

The above exception was the direct cause of the following exception:

Traceback (most recent call last):
  File "/Users/zsoltholman/Documents/IJ/corpus/.venv/lib/python3.12/site-packages/elastic_transport/_node/_http_urllib3.py", line 167, in perform_request
    response = self.pool.urlopen(
               ^^^^^^^^^^^^^^^^^^
  File "/Users/zsoltholman/Documents/IJ/corpus/.venv/lib/python3.12/site-packages/urllib3/connectionpool.py", line 841, in urlopen
    retries = retries.increment(
              ^^^^^^^^^^^^^^^^^^
  File "/Users/zsoltholman/Documents/IJ/corpus/.venv/lib/python3.12/site-packages/urllib3/util/retry.py", line 449, in increment
    raise reraise(type(error), error, _stacktrace)
          ^^^^^^^^^^^^^^^^^^^^^^^^^^^^^^^^^^^^^^^^
  File "/Users/zsoltholman/Documents/IJ/corpus/.venv/lib/python3.12/site-packages/urllib3/util/util.py", line 39, in reraise
    raise value
  File "/Users/zsoltholman/Documents/IJ/corpus/.venv/lib/python3.12/site-packages/urllib3/connectionpool.py", line 787, in urlopen
    response = self._make_request(
               ^^^^^^^^^^^^^^^^^^^
  File "/Users/zsoltholman/Documents/IJ/corpus/.venv/lib/python3.12/site-packages/urllib3/connectionpool.py", line 493, in _make_request
    conn.request(
  File "/Users/zsoltholman/Documents/IJ/corpus/.venv/lib/python3.12/site-packages/urllib3/connection.py", line 494, in request
    self.endheaders()
  File "/Users/zsoltholman/.local/share/uv/python/cpython-3.12.12-macos-aarch64-none/lib/python3.12/http/client.py", line 1333, in endheaders
    self._send_output(message_body, encode_chunked=encode_chunked)
  File "/Users/zsoltholman/.local/share/uv/python/cpython-3.12.12-macos-aarch64-none/lib/python3.12/http/client.py", line 1093, in _send_output
    self.send(msg)
  File "/Users/zsoltholman/.local/share/uv/python/cpython-3.12.12-macos-aarch64-none/lib/python3.12/http/client.py", line 1037, in send
    self.connect()
  File "/Users/zsoltholman/Documents/IJ/corpus/.venv/lib/python3.12/site-packages/urllib3/connection.py", line 325, in connect
    self.sock = self._new_conn()
                ^^^^^^^^^^^^^^^^
  File "/Users/zsoltholman/Documents/IJ/corpus/.venv/lib/python3.12/site-packages/urllib3/connection.py", line 213, in _new_conn
    raise NewConnectionError(
urllib3.exceptions.NewConnectionError: <urllib3.connection.HTTPConnection object at 0x111768680>: Failed to establish a new connection: [Errno 61] Connection refused

The above exception was the direct cause of the following exception:

Traceback (most recent call last):
  File "/Users/zsoltholman/Documents/IJ/corpus/.venv/lib/python3.12/site-packages/elastic_transport/_transport.py", line 344, in perform_request
    resp = node.perform_request(
           ^^^^^^^^^^^^^^^^^^^^^
  File "/Users/zsoltholman/Documents/IJ/corpus/.venv/lib/python3.12/site-packages/elastic_transport/_node/_http_urllib3.py", line 202, in perform_request
    raise err from e
elastic_transport.ConnectionError: Connection error caused by: NewConnectionError(<urllib3.connection.HTTPConnection object at 0x111768680>: Failed to establish a new connection: [Errno 61] Connection refused)
INFO:elastic_transport.node_pool:Resurrected node <Urllib3HttpNode(http://localhost:9200)> (force=False)
INFO:elastic_transport.transport:GET http://localhost:9200/_cluster/health [status:N/A duration:0.001s]
WARNING:elastic_transport.node_pool:Node <Urllib3HttpNode(http://localhost:9200)> has failed for 8 times in a row, putting on 30 second timeout
